[DEBUG] Getting matching hook commands for SessionStart with query: clear
[DEBUG] Found 0 hook matchers in settings
[DEBUG] Matched 0 unique hooks for query "clear" (0 before deduplication)
[DEBUG] FileHistory: Added snapshot for 6cb89643-c23b-4aa6-8c9c-e1b6b91c6212, tracking 0 files
[DEBUG] Rendering user message with 1 content blocks
[DEBUG] Block 0: <command-name>/clear</command-name>
            <command-message>clear</command-message>
           ...
[DEBUG] UserCommandMessage rendering: "clear" (args: "none")
[DEBUG] isSkillFormat: false, prefix: "/"
[DEBUG] AutoUpdaterWrapper: Installation type: npm-global
[ERROR] MCP server "tavily" Server stderr: [93466] Error from remote server: Error: SSE stream disconnected: TypeError: terminated
    at processStream (file:///Users/natedamstra/.npm/_npx/705d23756ff7dacc/node_modules/mcp-remote/dist/chunk-RGTAVJIZ.js:13386:80)
    at process.processTicksAndRejections (node:internal/process/task_queues:105:5)
[DEBUG] npm view failed with code 1
[DEBUG] npm stderr: (empty)
[ERROR] MCP server "tavily" Server stderr: [93466] Error from remote server: Error: SSE stream disconnected: TypeError: terminated
    at processStream (file:///Users/natedamstra/.npm/_npx/705d23756ff7dacc/node_modules/mcp-remote/dist/chunk-RGTAVJIZ.js:13386:80)
    at process.processTicksAndRejections (node:internal/process/task_queues:105:5)
[ERROR] MCP server "tavily" Server stderr: [93466] Error from remote server: Error: SSE stream disconnected: TypeError: terminated
    at processStream (file:///Users/natedamstra/.npm/_npx/705d23756ff7dacc/node_modules/mcp-remote/dist/chunk-RGTAVJIZ.js:13386:80)
    at process.processTicksAndRejections (node:internal/process/task_queues:105:5)
[ERROR] MCP server "tavily" Server stderr: [93466] Error from remote server: TypeError: fetch failed
    at node:internal/deps/undici/undici:13510:13
    at process.processTicksAndRejections (node:internal/process/task_queues:105:5)
    at async StreamableHTTPClientTransport._startOrAuthSse (file:///Users/natedamstra/.npm/_npx/705d23756ff7dacc/node_modules/mcp-remote/dist/chunk-RGTAVJIZ.js:13289:24) {
  [cause]: Error: getaddrinfo ENOTFOUND mcp.tavily.com
      at GetAddrInfoReqWrap.onlookupall [as oncomplete] (node:dns:122:26) {
    errno: -3008,
    code: 'ENOTFOUND',
    syscall: 'getaddrinfo',
    hostname: 'mcp.tavily.com'
  }
}
[ERROR] MCP server "tavily" Server stderr: [93466] Error from remote server: Error: Failed to reconnect SSE stream: fetch failed
    at file:///Users/natedamstra/.npm/_npx/705d23756ff7dacc/node_modules/mcp-remote/dist/chunk-RGTAVJIZ.js:13349:83
    at process.processTicksAndRejections (node:internal/process/task_queues:105:5)
[ERROR] MCP server "tavily" Server stderr: [93466] Error from remote server: TypeError: fetch failed
    at node:internal/deps/undici/undici:13510:13
    at process.processTicksAndRejections (node:internal/process/task_queues:105:5)
    at async StreamableHTTPClientTransport._startOrAuthSse (file:///Users/natedamstra/.npm/_npx/705d23756ff7dacc/node_modules/mcp-remote/dist/chunk-RGTAVJIZ.js:13289:24) {
  [cause]: Error: getaddrinfo ENOTFOUND mcp.tavily.com
      at GetAddrInfoReqWrap.onlookupall [as oncomplete] (node:dns:122:26) {
    errno: -3008,
    code: 'ENOTFOUND',
    syscall: 'getaddrinfo',
    hostname: 'mcp.tavily.com'
  }
}
[ERROR] MCP server "tavily" Server stderr: [93466] Error from remote server: Error: Failed to reconnect SSE stream: fetch failed
    at file:///Users/natedamstra/.npm/_npx/705d23756ff7dacc/node_modules/mcp-remote/dist/chunk-RGTAVJIZ.js:13349:83
    at process.processTicksAndRejections (node:internal/process/task_queues:105:5)
[93466] Error from remote server: Error: Maximum reconnection attempts (2) exceeded.
    at StreamableHTTPClientTransport._scheduleReconnection (file:///Users/natedamstra/.npm/_npx/705d23756ff7dacc/node_modules/mcp-remote/dist/chunk-RGTAVJIZ.js:13342:78)
    at file:///Users/natedamstra/.npm/_npx/705d23756ff7dacc/node_modules/mcp-remote/dist/chunk-RGTAVJIZ.js:13350:14
    at process.processTicksAndRejections (node:internal/process/task_queues:105:5)
[DEBUG] npm view failed with code 1
[DEBUG] npm stderr: (empty)
[DEBUG] npm view failed with code 1
[DEBUG] npm stderr: (empty)
[DEBUG] npm view failed with code 1
[DEBUG] npm stderr: (empty)
[DEBUG] npm view failed with code 1
[DEBUG] npm stderr: (empty)
[DEBUG] npm view failed with code 1
[DEBUG] npm stderr: (empty)
[DEBUG] npm view failed with code 1
[DEBUG] npm stderr: (empty)
